# JRE version: OpenJDK Runtime Environment (8.0_402-b06) (build 1.8.0_402-b06)
# Java VM: OpenJDK 64-Bit Server VM (25.402-b06 mixed mode windows-amd64 compressed oops)
Heap:
 PSYoungGen      total 275968K, used 167694K [0x000000076b580000, 0x0000000781180000, 0x00000007c0000000)
  eden space 219136K, 76% used [0x000000076b580000,0x0000000775943850,0x0000000778b80000)
  from space 56832K, 0% used [0x000000077c980000,0x000000077c980000,0x0000000780100000)
  to   space 63488K, 0% used [0x0000000778b80000,0x0000000778b80000,0x000000077c980000)
 ParOldGen       total 251392K, used 99237K [0x00000006c2000000, 0x00000006d1580000, 0x000000076b580000)
  object space 251392K, 39% used [0x00000006c2000000,0x00000006c80e9778,0x00000006d1580000)
 Metaspace       used 28342K, capacity 28605K, committed 28928K, reserved 1075200K
  class space    used 3437K, capacity 3545K, committed 3584K, reserved 1048576K
GC Heap History (10 events):
Event: 6.811 GC heap before
{Heap before GC invocations=13 (full 2):
 PSYoungGen      total 146432K, used 146431K [0x000000076b580000, 0x0000000776f00000, 0x00000007c0000000)
  eden space 130560K, 100% used [0x000000076b580000,0x0000000773500000,0x0000000773500000)
  from space 15872K, 99% used [0x0000000774900000,0x000000077587fe28,0x0000000775880000)
  to   space 20480K, 0% used [0x0000000773500000,0x0000000773500000,0x0000000774900000)
 ParOldGen       total 129536K, used 34474K [0x00000006c2000000, 0x00000006c9e80000, 0x000000076b580000)
  object space 129536K, 26% used [0x00000006c2000000,0x00000006c41aa830,0x00000006c9e80000)
 Metaspace       used 25489K, capacity 25743K, committed 25984K, reserved 1073152K
  class space    used 3087K, capacity 3150K, committed 3200K, reserved 1048576K
Event: 6.824 GC heap after
Heap after GC invocations=13 (full 2):
 PSYoungGen      total 151040K, used 20452K [0x000000076b580000, 0x0000000779980000, 0x00000007c0000000)
  eden space 130560K, 0% used [0x000000076b580000,0x000000076b580000,0x0000000773500000)
  from space 20480K, 99% used [0x0000000773500000,0x00000007748f91d8,0x0000000774900000)
  to   space 30208K, 0% used [0x0000000777c00000,0x0000000777c00000,0x0000000779980000)
 ParOldGen       total 129536K, used 53138K [0x00000006c2000000, 0x00000006c9e80000, 0x000000076b580000)
  object space 129536K, 41% used [0x00000006c2000000,0x00000006c53e48e0,0x00000006c9e80000)
 Metaspace       used 25489K, capacity 25743K, committed 25984K, reserved 1073152K
  class space    used 3087K, capacity 3150K, committed 3200K, reserved 1048576K
}
Event: 7.727 GC heap before
{Heap before GC invocations=14 (full 2):
 PSYoungGen      total 151040K, used 151012K [0x000000076b580000, 0x0000000779980000, 0x00000007c0000000)
  eden space 130560K, 100% used [0x000000076b580000,0x0000000773500000,0x0000000773500000)
  from space 20480K, 99% used [0x0000000773500000,0x00000007748f91d8,0x0000000774900000)
  to   space 30208K, 0% used [0x0000000777c00000,0x0000000777c00000,0x0000000779980000)
 ParOldGen       total 129536K, used 53138K [0x00000006c2000000, 0x00000006c9e80000, 0x000000076b580000)
  object space 129536K, 41% used [0x00000006c2000000,0x00000006c53e48e0,0x00000006c9e80000)
 Metaspace       used 25496K, capacity 25743K, committed 25984K, reserved 1073152K
  class space    used 3087K, capacity 3150K, committed 3200K, reserved 1048576K
Event: 7.743 GC heap after
Heap after GC invocations=14 (full 2):
 PSYoungGen      total 192512K, used 30198K [0x000000076b580000, 0x000000077b100000, 0x00000007c0000000)
  eden space 162304K, 0% used [0x000000076b580000,0x000000076b580000,0x0000000775400000)
  from space 30208K, 99% used [0x0000000777c00000,0x000000077997d8f8,0x0000000779980000)
  to   space 40960K, 0% used [0x0000000775400000,0x0000000775400000,0x0000000777c00000)
 ParOldGen       total 129536K, used 68939K [0x00000006c2000000, 0x00000006c9e80000, 0x000000076b580000)
  object space 129536K, 53% used [0x00000006c2000000,0x00000006c6352ff0,0x00000006c9e80000)
 Metaspace       used 25496K, capacity 25743K, committed 25984K, reserved 1073152K
  class space    used 3087K, capacity 3150K, committed 3200K, reserved 1048576K
}
Event: 8.458 GC heap before
{Heap before GC invocations=15 (full 2):
 PSYoungGen      total 192512K, used 192502K [0x000000076b580000, 0x000000077b100000, 0x00000007c0000000)
  eden space 162304K, 100% used [0x000000076b580000,0x0000000775400000,0x0000000775400000)
  from space 30208K, 99% used [0x0000000777c00000,0x000000077997d8f8,0x0000000779980000)
  to   space 40960K, 0% used [0x0000000775400000,0x0000000775400000,0x0000000777c00000)
 ParOldGen       total 129536K, used 68939K [0x00000006c2000000, 0x00000006c9e80000, 0x000000076b580000)
  object space 129536K, 53% used [0x00000006c2000000,0x00000006c6352ff0,0x00000006c9e80000)
 Metaspace       used 25545K, capacity 25743K, committed 25984K, reserved 1073152K
  class space    used 3087K, capacity 3150K, committed 3200K, reserved 1048576K
Event: 8.484 GC heap after
Heap after GC invocations=15 (full 2):
 PSYoungGen      total 203264K, used 40930K [0x000000076b580000, 0x0000000780100000, 0x00000007c0000000)
  eden space 162304K, 0% used [0x000000076b580000,0x000000076b580000,0x0000000775400000)
  from space 40960K, 99% used [0x0000000775400000,0x0000000777bf89b8,0x0000000777c00000)
  to   space 56832K, 0% used [0x000000077c980000,0x000000077c980000,0x0000000780100000)
 ParOldGen       total 129536K, used 93988K [0x00000006c2000000, 0x00000006c9e80000, 0x000000076b580000)
  object space 129536K, 72% used [0x00000006c2000000,0x00000006c7bc9198,0x00000006c9e80000)
 Metaspace       used 25545K, capacity 25743K, committed 25984K, reserved 1073152K
  class space    used 3087K, capacity 3150K, committed 3200K, reserved 1048576K
}
Event: 9.184 GC heap before
{Heap before GC invocations=16 (full 2):
 PSYoungGen      total 203264K, used 203234K [0x000000076b580000, 0x0000000780100000, 0x00000007c0000000)
  eden space 162304K, 100% used [0x000000076b580000,0x0000000775400000,0x0000000775400000)
  from space 40960K, 99% used [0x0000000775400000,0x0000000777bf89b8,0x0000000777c00000)
  to   space 56832K, 0% used [0x000000077c980000,0x000000077c980000,0x0000000780100000)
 ParOldGen       total 129536K, used 93988K [0x00000006c2000000, 0x00000006c9e80000, 0x000000076b580000)
  object space 129536K, 72% used [0x00000006c2000000,0x00000006c7bc9198,0x00000006c9e80000)
 Metaspace       used 25584K, capacity 25807K, committed 26240K, reserved 1073152K
  class space    used 3087K, capacity 3150K, committed 3200K, reserved 1048576K
Event: 9.207 GC heap after
Heap after GC invocations=16 (full 2):
 PSYoungGen      total 275968K, used 48633K [0x000000076b580000, 0x0000000781180000, 0x00000007c0000000)
  eden space 219136K, 0% used [0x000000076b580000,0x000000076b580000,0x0000000778b80000)
  from space 56832K, 85% used [0x000000077c980000,0x000000077f8fe6b8,0x0000000780100000)
  to   space 63488K, 0% used [0x0000000778b80000,0x0000000778b80000,0x000000077c980000)
 ParOldGen       total 129536K, used 109123K [0x00000006c2000000, 0x00000006c9e80000, 0x000000076b580000)
  object space 129536K, 84% used [0x00000006c2000000,0x00000006c8a90fa0,0x00000006c9e80000)
 Metaspace       used 25584K, capacity 25807K, committed 26240K, reserved 1073152K
  class space    used 3087K, capacity 3150K, committed 3200K, reserved 1048576K
}
Event: 9.207 GC heap before
{Heap before GC invocations=17 (full 3):
 PSYoungGen      total 275968K, used 48633K [0x000000076b580000, 0x0000000781180000, 0x00000007c0000000)
  eden space 219136K, 0% used [0x000000076b580000,0x000000076b580000,0x0000000778b80000)
  from space 56832K, 85% used [0x000000077c980000,0x000000077f8fe6b8,0x0000000780100000)
  to   space 63488K, 0% used [0x0000000778b80000,0x0000000778b80000,0x000000077c980000)
 ParOldGen       total 129536K, used 109123K [0x00000006c2000000, 0x00000006c9e80000, 0x000000076b580000)
  object space 129536K, 84% used [0x00000006c2000000,0x00000006c8a90fa0,0x00000006c9e80000)
 Metaspace       used 25584K, capacity 25807K, committed 26240K, reserved 1073152K
  class space    used 3087K, capacity 3150K, committed 3200K, reserved 1048576K
Event: 9.264 GC heap after
Heap after GC invocations=17 (full 3):
 PSYoungGen      total 275968K, used 0K [0x000000076b580000, 0x0000000781180000, 0x00000007c0000000)
  eden space 219136K, 0% used [0x000000076b580000,0x000000076b580000,0x0000000778b80000)
  from space 56832K, 0% used [0x000000077c980000,0x000000077c980000,0x0000000780100000)
  to   space 63488K, 0% used [0x0000000778b80000,0x0000000778b80000,0x000000077c980000)
 ParOldGen       total 251392K, used 99237K [0x00000006c2000000, 0x00000006d1580000, 0x000000076b580000)
  object space 251392K, 39% used [0x00000006c2000000,0x00000006c80e9778,0x00000006d1580000)
 Metaspace       used 25584K, capacity 25807K, committed 26240K, reserved 1073152K
  class space    used 3087K, capacity 3150K, committed 3200K, reserved 1048576K
}

